#
# There is insufficient memory for the Java Runtime Environment to continue.
# Native memory allocation (malloc) failed to allocate 672176 bytes for Chunk::new
# Possible reasons:
#   The system is out of physical RAM or swap space
#   The process is running with CompressedOops enabled, and the Java Heap may be blocking the growth of the native heap
# Possible solutions:
#   Reduce memory load on the system
#   Increase physical memory or swap space
#   Check if swap backing store is full
#   Decrease Java heap size (-Xmx/-Xms)
#   Decrease number of Java threads
#   Decrease Java thread stack sizes (-Xss)
#   Set larger code cache with -XX:ReservedCodeCacheSize=
#   JVM is running with Zero Based Compressed Oops mode in which the Java heap is
#     placed in the first 32GB address space. The Java Heap base address is the
#     maximum limit for the native heap growth. Please use -XX:HeapBaseMinAddress
#     to set the Java Heap base and to place the Java Heap above 32GB virtual address.
# This output file may be truncated or incomplete.
#
#  Out of Memory Error (allocation.cpp:389), pid=12804, tid=0x0000000000005e34
#
# JRE version: OpenJDK Runtime Environment (8.0_302-b08) (build 1.8.0_302-b08)
# Java VM: OpenJDK 64-Bit Server VM (25.302-b08 mixed mode windows-amd64 compressed oops)
# Failed to write core dump. Minidumps are not enabled by default on client versions of Windows
#

---------------  T H R E A D  ---------------

Current thread (0x0000027b2a189000):  JavaThread "C2 CompilerThread4" daemon [_thread_in_native, id=24116, stack(0x000000f2a1f00000,0x000000f2a2000000)]

Stack: [0x000000f2a1f00000,0x000000f2a2000000]
[error occurred during error reporting (printing stack bounds), id 0xc0000005]

Native frames: (J=compiled Java code, j=interpreted, Vv=VM code, C=native code)


Current CompileTask:
C2:   1707 2048       4       org.objectweb.asm.commons.MethodRemapper::remapEntries (92 bytes)


---------------  P R O C E S S  ---------------

Java Threads: ( => current thread )
  0x0000027b2aae3000 JavaThread "pool-1-thread-10" [_thread_blocked, id=20524, stack(0x000000f2a3200000,0x000000f2a3300000)]
  0x0000027b2aada000 JavaThread "pool-1-thread-9" [_thread_blocked, id=25356, stack(0x000000f2a3100000,0x000000f2a3200000)]
  0x0000027b2aabf800 JavaThread "pool-1-thread-8" [_thread_blocked, id=3788, stack(0x000000f2a3000000,0x000000f2a3100000)]
  0x0000027b2aabf000 JavaThread "pool-1-thread-7" [_thread_blocked, id=9148, stack(0x000000f2a2f00000,0x000000f2a3000000)]
  0x0000027b2aab6800 JavaThread "pool-1-thread-6" [_thread_blocked, id=11940, stack(0x000000f2a2e00000,0x000000f2a2f00000)]
  0x0000027b2aab1800 JavaThread "pool-1-thread-5" [_thread_blocked, id=16448, stack(0x000000f2a2d00000,0x000000f2a2e00000)]
  0x0000027b2aab1000 JavaThread "pool-1-thread-4" [_thread_blocked, id=29160, stack(0x000000f2a2c00000,0x000000f2a2d00000)]
  0x0000027b2aaae000 JavaThread "pool-1-thread-3" [_thread_blocked, id=22792, stack(0x000000f2a2b00000,0x000000f2a2c00000)]
  0x0000027b2aac4000 JavaThread "pool-1-thread-2" [_thread_blocked, id=18088, stack(0x000000f2a2a00000,0x000000f2a2b00000)]
  0x0000027b2aac3800 JavaThread "pool-1-thread-1" [_thread_blocked, id=15104, stack(0x000000f2a2900000,0x000000f2a2a00000)]
  0x0000027b2a246000 JavaThread "Service Thread" daemon [_thread_blocked, id=20440, stack(0x000000f2a2700000,0x000000f2a2800000)]
  0x0000027b2a1e5000 JavaThread "C1 CompilerThread11" daemon [_thread_blocked, id=17888, stack(0x000000f2a2600000,0x000000f2a2700000)]
  0x0000027b2a1c3000 JavaThread "C1 CompilerThread10" daemon [_thread_blocked, id=692, stack(0x000000f2a2500000,0x000000f2a2600000)]
  0x0000027b2a1b8800 JavaThread "C1 CompilerThread9" daemon [_thread_blocked, id=18048, stack(0x000000f2a2400000,0x000000f2a2500000)]
  0x0000027b2a1a7800 JavaThread "C1 CompilerThread8" daemon [_thread_blocked, id=18668, stack(0x000000f2a2300000,0x000000f2a2400000)]
  0x0000027b2a196800 JavaThread "C2 CompilerThread7" daemon [_thread_in_native, id=23424, stack(0x000000f2a2200000,0x000000f2a2300000)]
  0x0000027b2a196000 JavaThread "C2 CompilerThread6" daemon [_thread_blocked, id=3840, stack(0x000000f2a2100000,0x000000f2a2200000)]
  0x0000027b2a18f000 JavaThread "C2 CompilerThread5" daemon [_thread_in_native, id=25424, stack(0x000000f2a2000000,0x000000f2a2100000)]
=>0x0000027b2a189000 JavaThread "C2 CompilerThread4" daemon [_thread_in_native, id=24116, stack(0x000000f2a1f00000,0x000000f2a2000000)]
  0x0000027b2a186800 JavaThread "C2 CompilerThread3" daemon [_thread_in_native, id=22880, stack(0x000000f2a1e00000,0x000000f2a1f00000)]
  0x0000027b2a186000 JavaThread "C2 CompilerThread2" daemon [_thread_in_native, id=27872, stack(0x000000f2a1d00000,0x000000f2a1e00000)]
  0x0000027b2a185000 JavaThread "C2 CompilerThread1" daemon [_thread_in_native, id=29452, stack(0x000000f2a1c00000,0x000000f2a1d00000)]
  0x0000027b2a183800 JavaThread "C2 CompilerThread0" daemon [_thread_in_native, id=12828, stack(0x000000f2a1b00000,0x000000f2a1c00000)]
  0x0000027b2a17a000 JavaThread "Attach Listener" daemon [_thread_blocked, id=27600, stack(0x000000f2a1a00000,0x000000f2a1b00000)]
  0x0000027b2a177000 JavaThread "Signal Dispatcher" daemon [_thread_blocked, id=3876, stack(0x000000f2a1900000,0x000000f2a1a00000)]
  0x0000027b27418000 JavaThread "Finalizer" daemon [_thread_blocked, id=14776, stack(0x000000f2a1800000,0x000000f2a1900000)]
  0x0000027b2740e800 JavaThread "Reference Handler" daemon [_thread_blocked, id=16816, stack(0x000000f2a1700000,0x000000f2a1800000)]
  0x0000027b0c352800 JavaThread "main" [_thread_blocked, id=19112, stack(0x000000f2a0800000,0x000000f2a0900000)]

Other Threads:
  0x0000027b273fd800 VMThread [stack: 0x000000f2a1600000,0x000000f2a1700000] [id=28352]
  0x0000027b2a247000 WatcherThread [stack: 0x000000f2a2800000,0x000000f2a2900000] [id=28920]

VM state:at safepoint (normal execution)

VM Mutex/Monitor currently owned by a thread:  ([mutex/lock_event])
[0x0000027b0c350de0] Threads_lock - owner thread: 0x0000027b273fd800
[0x0000027b0c351960] Heap_lock - owner thread: 0x0000027b2aae3000

heap address: 0x00000006c1800000, size: 4072 MB, Compressed Oops mode: Zero based, Oop shift amount: 3
Narrow klass base: 0x0000000000000000, Narrow klass shift: 3
Compressed class space size: 1073741824 Address: 0x00000007c0000000

Heap:
 PSYoungGen      total 141824K, used 141817K [0x000000076b300000, 0x0000000774800000, 0x00000007c0000000)
  eden space 131072K, 100% used [0x000000076b300000,0x0000000773300000,0x0000000773300000)
  from space 10752K, 99% used [0x0000000773d80000,0x00000007747fe608,0x0000000774800000)
  to   space 10752K, 99% used [0x0000000773300000,0x0000000773d7feb8,0x0000000773d80000)
 ParOldGen       total 175104K, used 44884K [0x00000006c1800000, 0x00000006cc300000, 0x000000076b300000)
  object space 175104K, 25% used [0x00000006c1800000,0x00000006c43df418,0x00000006cc300000)
 Metaspace       used 9503K, capacity 9608K, committed 9728K, reserved 1058816K
  class space    used 883K, capacity 918K, committed 1024K, reserved 1048576K

Card table byte_map: [0x0000027b1d490000,0x0000027b1dc90000] byte_map_base: 0x0000027b19e84000

Marking Bits: (ParMarkBitMap*) 0x000000005726c820
 Begin Bits: [0x0000027b1e1e0000, 0x0000027b22180000)
 End Bits:   [0x0000027b22180000, 0x0000027b26120000)

Polling page: 0x0000027b0c4f0000

CodeCache: size=245760Kb used=9500Kb max_used=9500Kb free=236259Kb
 bounds [0x0000027b0e0d0000, 0x0000027b0ea20000, 0x0000027b1d0d0000]
 total_blobs=2426 nmethods=2086 adapters=249
 compilation: enabled

Compilation events (10 events):
Event: 1.676 Thread 0x0000027b2a1c3000 nmethod 2133 0x0000027b0ea1d2d0 code [0x0000027b0ea1d460, 0x0000027b0ea1d7c0]
Event: 1.685 Thread 0x0000027b2a1e5000 2137       2       java.net.URI$Parser::charAt (9 bytes)
Event: 1.685 Thread 0x0000027b2a1a7800 2138       2       java.net.URI::match (56 bytes)
Event: 1.686 Thread 0x0000027b2a1a7800 nmethod 2138 0x0000027b0ea1d990 code [0x0000027b0ea1dae0, 0x0000027b0ea1dcd8]
Event: 1.686 Thread 0x0000027b2a1e5000 nmethod 2137 0x0000027b0ea1dd50 code [0x0000027b0ea1dec0, 0x0000027b0ea1e0b0]
Event: 1.692 Thread 0x0000027b2a1b8800 2141       2       org.objectweb.asm.commons.AnnotationRemapper::visitEnum (18 bytes)
Event: 1.692 Thread 0x0000027b2a1c3000 2142       2       org.objectweb.asm.AnnotationWriter::visitEnum (63 bytes)
Event: 1.692 Thread 0x0000027b2a1b8800 nmethod 2141 0x0000027b0ea1e210 code [0x0000027b0ea1e380, 0x0000027b0ea1e560]
Event: 1.692 Thread 0x0000027b2a1c3000 nmethod 2142 0x0000027b0ea1e650 code [0x0000027b0ea1e800, 0x0000027b0ea1eac0]
Event: 1.695 Thread 0x0000027b2a1a7800 2145 %     3       java.util.regex.Pattern::clazz @ 25 (405 bytes)

GC Heap History (10 events):
Event: 1.332 GC heap after
Heap after GC invocations=2 (full 0):
 PSYoungGen      total 76288K, used 9934K [0x000000076b300000, 0x0000000774800000, 0x00000007c0000000)
  eden space 65536K, 0% used [0x000000076b300000,0x000000076b300000,0x000000076f300000)
  from space 10752K, 92% used [0x000000076fd80000,0x0000000770733848,0x0000000770800000)
  to   space 10752K, 0% used [0x000000076f300000,0x000000076f300000,0x000000076fd80000)
 ParOldGen       total 175104K, used 649K [0x00000006c1800000, 0x00000006cc300000, 0x000000076b300000)
  object space 175104K, 0% used [0x00000006c1800000,0x00000006c18a2420,0x00000006cc300000)
 Metaspace       used 8615K, capacity 8712K, committed 8832K, reserved 1056768K
  class space    used 826K, capacity 854K, committed 896K, reserved 1048576K
}
Event: 1.377 GC heap before
{Heap before GC invocations=3 (full 0):
 PSYoungGen      total 76288K, used 75470K [0x000000076b300000, 0x0000000774800000, 0x00000007c0000000)
  eden space 65536K, 100% used [0x000000076b300000,0x000000076f300000,0x000000076f300000)
  from space 10752K, 92% used [0x000000076fd80000,0x0000000770733848,0x0000000770800000)
  to   space 10752K, 0% used [0x000000076f300000,0x000000076f300000,0x000000076fd80000)
 ParOldGen       total 175104K, used 749K [0x00000006c1800000, 0x00000006cc300000, 0x000000076b300000)
  object space 175104K, 0% used [0x00000006c1800000,0x00000006c18bb4c8,0x00000006cc300000)
 Metaspace       used 8789K, capacity 8840K, committed 9088K, reserved 1056768K
  class space    used 836K, capacity 854K, committed 896K, reserved 1048576K
Event: 1.383 GC heap after
Heap after GC invocations=3 (full 0):
 PSYoungGen      total 76288K, used 10746K [0x000000076b300000, 0x0000000774800000, 0x00000007c0000000)
  eden space 65536K, 0% used [0x000000076b300000,0x000000076b300000,0x000000076f300000)
  from space 10752K, 99% used [0x000000076f300000,0x000000076fd7e850,0x000000076fd80000)
  to   space 10752K, 0% used [0x0000000773d80000,0x0000000773d80000,0x0000000774800000)
 ParOldGen       total 175104K, used 10908K [0x00000006c1800000, 0x00000006cc300000, 0x000000076b300000)
  object space 175104K, 6% used [0x00000006c1800000,0x00000006c22a7238,0x00000006cc300000)
 Metaspace       used 8789K, capacity 8840K, committed 9088K, reserved 1056768K
  class space    used 836K, capacity 854K, committed 896K, reserved 1048576K
}
Event: 1.438 GC heap before
{Heap before GC invocations=4 (full 0):
 PSYoungGen      total 76288K, used 76282K [0x000000076b300000, 0x0000000774800000, 0x00000007c0000000)
  eden space 65536K, 100% used [0x000000076b300000,0x000000076f300000,0x000000076f300000)
  from space 10752K, 99% used [0x000000076f300000,0x000000076fd7e850,0x000000076fd80000)
  to   space 10752K, 0% used [0x0000000773d80000,0x0000000773d80000,0x0000000774800000)
 ParOldGen       total 175104K, used 11295K [0x00000006c1800000, 0x00000006cc300000, 0x000000076b300000)
  object space 175104K, 6% used [0x00000006c1800000,0x00000006c2307e98,0x00000006cc300000)
 Metaspace       used 9349K, capacity 9448K, committed 9600K, reserved 1058816K
  class space    used 871K, capacity 886K, committed 896K, reserved 1048576K
Event: 1.454 GC heap after
Heap after GC invocations=4 (full 0):
 PSYoungGen      total 141824K, used 10741K [0x000000076b300000, 0x0000000774800000, 0x00000007c0000000)
  eden space 131072K, 0% used [0x000000076b300000,0x000000076b300000,0x0000000773300000)
  from space 10752K, 99% used [0x0000000773d80000,0x00000007747fd740,0x0000000774800000)
  to   space 10752K, 0% used [0x0000000773300000,0x0000000773300000,0x0000000773d80000)
 ParOldGen       total 175104K, used 18022K [0x00000006c1800000, 0x00000006cc300000, 0x000000076b300000)
  object space 175104K, 10% used [0x00000006c1800000,0x00000006c2999aa0,0x00000006cc300000)
 Metaspace       used 9349K, capacity 9448K, committed 9600K, reserved 1058816K
  class space    used 871K, capacity 886K, committed 896K, reserved 1048576K
}
Event: 1.548 GC heap before
{Heap before GC invocations=5 (full 0):
 PSYoungGen      total 141824K, used 141813K [0x000000076b300000, 0x0000000774800000, 0x00000007c0000000)
  eden space 131072K, 100% used [0x000000076b300000,0x0000000773300000,0x0000000773300000)
  from space 10752K, 99% used [0x0000000773d80000,0x00000007747fd740,0x0000000774800000)
  to   space 10752K, 0% used [0x0000000773300000,0x0000000773300000,0x0000000773d80000)
 ParOldGen       total 175104K, used 18022K [0x00000006c1800000, 0x00000006cc300000, 0x000000076b300000)
  object space 175104K, 10% used [0x00000006c1800000,0x00000006c2999aa0,0x00000006cc300000)
 Metaspace       used 9414K, capacity 9512K, committed 9600K, reserved 1058816K
  class space    used 871K, capacity 886K, committed 896K, reserved 1048576K
Event: 1.583 GC heap after
Heap after GC invocations=5 (full 0):
 PSYoungGen      total 141824K, used 10733K [0x000000076b300000, 0x0000000774800000, 0x00000007c0000000)
  eden space 131072K, 0% used [0x000000076b300000,0x000000076b300000,0x0000000773300000)
  from space 10752K, 99% used [0x0000000773300000,0x0000000773d7b7a8,0x0000000773d80000)
  to   space 10752K, 0% used [0x0000000773d80000,0x0000000773d80000,0x0000000774800000)
 ParOldGen       total 175104K, used 28630K [0x00000006c1800000, 0x00000006cc300000, 0x000000076b300000)
  object space 175104K, 16% used [0x00000006c1800000,0x00000006c33f5bb8,0x00000006cc300000)
 Metaspace       used 9414K, capacity 9512K, committed 9600K, reserved 1058816K
  class space    used 871K, capacity 886K, committed 896K, reserved 1048576K
}
Event: 1.626 GC heap before
{Heap before GC invocations=6 (full 0):
 PSYoungGen      total 141824K, used 141805K [0x000000076b300000, 0x0000000774800000, 0x00000007c0000000)
  eden space 131072K, 100% used [0x000000076b300000,0x0000000773300000,0x0000000773300000)
  from space 10752K, 99% used [0x0000000773300000,0x0000000773d7b7a8,0x0000000773d80000)
  to   space 10752K, 0% used [0x0000000773d80000,0x0000000773d80000,0x0000000774800000)
 ParOldGen       total 175104K, used 28717K [0x00000006c1800000, 0x00000006cc300000, 0x000000076b300000)
  object space 175104K, 16% used [0x00000006c1800000,0x00000006c340b768,0x00000006cc300000)
 Metaspace       used 9443K, capacity 9512K, committed 9600K, reserved 1058816K
  class space    used 876K, capacity 886K, committed 896K, reserved 1048576K
Event: 1.650 GC heap after
Heap after GC invocations=6 (full 0):
 PSYoungGen      total 141824K, used 10745K [0x000000076b300000, 0x0000000774800000, 0x00000007c0000000)
  eden space 131072K, 0% used [0x000000076b300000,0x000000076b300000,0x0000000773300000)
  from space 10752K, 99% used [0x0000000773d80000,0x00000007747fe608,0x0000000774800000)
  to   space 10752K, 0% used [0x0000000773300000,0x0000000773300000,0x0000000773d80000)
 ParOldGen       total 175104K, used 38019K [0x00000006c1800000, 0x00000006cc300000, 0x000000076b300000)
  object space 175104K, 21% used [0x00000006c1800000,0x00000006c3d20f60,0x00000006cc300000)
 Metaspace       used 9443K, capacity 9512K, committed 9600K, reserved 1058816K
  class space    used 876K, capacity 886K, committed 896K, reserved 1048576K
}
Event: 1.698 GC heap before
{Heap before GC invocations=7 (full 0):
 PSYoungGen      total 141824K, used 141817K [0x000000076b300000, 0x0000000774800000, 0x00000007c0000000)
  eden space 131072K, 100% used [0x000000076b300000,0x0000000773300000,0x0000000773300000)
  from space 10752K, 99% used [0x0000000773d80000,0x00000007747fe608,0x0000000774800000)
  to   space 10752K, 0% used [0x0000000773300000,0x0000000773300000,0x0000000773d80000)
 ParOldGen       total 175104K, used 38535K [0x00000006c1800000, 0x00000006cc300000, 0x000000076b300000)
  object space 175104K, 22% used [0x00000006c1800000,0x00000006c3da1d98,0x00000006cc300000)
 Metaspace       used 9503K, capacity 9608K, committed 9728K, reserved 1058816K
  class space    used 883K, capacity 918K, committed 1024K, reserved 1048576K

Deoptimization events (10 events):
Event: 1.615 Thread 0x0000027b2aab1000 Uncommon trap: reason=unstable_if action=reinterpret pc=0x0000027b0e7e0c50 method=java.util.regex.Pattern.bitsOrSingle(Ljava/util/regex/Pattern$BitClass;I)Ljava/util/regex/Pattern$CharProperty; @ 12
Event: 1.615 Thread 0x0000027b2aab1000 Uncommon trap: reason=unstable_if action=reinterpret pc=0x0000027b0e7c55a0 method=java.util.regex.Pattern.newSlice([IIZ)Ljava/util/regex/Pattern$Node; @ 10
Event: 1.615 Thread 0x0000027b2aab1000 Uncommon trap: reason=unstable_if action=reinterpret pc=0x0000027b0e4bd510 method=java.util.regex.Pattern.has(I)Z @ 6
Event: 1.618 Thread 0x0000027b2aab1000 Uncommon trap: reason=unstable_if action=reinterpret pc=0x0000027b0e7d041c method=java.util.regex.Pattern.bitsOrSingle(Ljava/util/regex/Pattern$BitClass;I)Ljava/util/regex/Pattern$CharProperty; @ 12
Event: 1.619 Thread 0x0000027b2aab1000 Uncommon trap: reason=unstable_if action=reinterpret pc=0x0000027b0e712b58 method=java.util.HashMap.isEmpty()Z @ 4
Event: 1.620 Thread 0x0000027b2aac3800 Uncommon trap: reason=unstable_if action=reinterpret pc=0x0000027b0e8df210 method=org.objectweb.asm.Type.getType([CI)Lorg/objectweb/asm/Type; @ 165
Event: 1.667 Thread 0x0000027b2aac3800 Uncommon trap: reason=unstable_if action=reinterpret pc=0x0000027b0e8fb38c method=org.objectweb.asm.ClassReader.readUTF(II[C)Ljava/lang/String; @ 77
Event: 1.667 Thread 0x0000027b2aac3800 Uncommon trap: reason=unstable_if action=reinterpret pc=0x0000027b0e952064 method=org.objectweb.asm.ByteVector.putUTF8(Ljava/lang/String;)Lorg/objectweb/asm/ByteVector; @ 98
Event: 1.691 Thread 0x0000027b2aab1000 Uncommon trap: reason=unstable_if action=reinterpret pc=0x0000027b0e79b2ec method=java.lang.reflect.Method.invoke(Ljava/lang/Object;[Ljava/lang/Object;)Ljava/lang/Object; @ 4
Event: 1.692 Thread 0x0000027b2aab1000 Uncommon trap: reason=class_check action=maybe_recompile pc=0x0000027b0e7ad7e8 method=sun.reflect.DelegatingMethodAccessorImpl.invoke(Ljava/lang/Object;[Ljava/lang/Object;)Ljava/lang/Object; @ 6

Classes redefined (0 events):
No events

Internal exceptions (10 events):
Event: 0.152 Thread 0x0000027b0c352800 Exception <a 'java/lang/ArrayIndexOutOfBoundsException': 40> (0x000000076bdcdd48) thrown at [J:\jenkins\tmp\workspace\build\src\hotspot\src\share\vm\interpreter\interpreterRuntime.cpp, line 371]
Event: 0.213 Thread 0x0000027b0c352800 Exception <a 'java/lang/ArrayIndexOutOfBoundsException'> (0x000000076c24de98) thrown at [J:\jenkins\tmp\workspace\build\src\hotspot\src\share\vm\runtime\sharedRuntime.cpp, line 609]
Event: 0.215 Thread 0x0000027b0c352800 Exception <a 'java/lang/ArrayIndexOutOfBoundsException'> (0x000000076c269700) thrown at [J:\jenkins\tmp\workspace\build\src\hotspot\src\share\vm\runtime\sharedRuntime.cpp, line 609]
Event: 0.224 Thread 0x0000027b0c352800 Exception <a 'java/lang/ArrayIndexOutOfBoundsException'> (0x000000076c2bb900) thrown at [J:\jenkins\tmp\workspace\build\src\hotspot\src\share\vm\runtime\sharedRuntime.cpp, line 609]
Event: 0.226 Thread 0x0000027b0c352800 Exception <a 'java/lang/ArrayIndexOutOfBoundsException'> (0x000000076c2d1278) thrown at [J:\jenkins\tmp\workspace\build\src\hotspot\src\share\vm\runtime\sharedRuntime.cpp, line 609]
Event: 1.327 Thread 0x0000027b2aae3000 Implicit null exception at 0x0000027b0e756d00 to 0x0000027b0e756d81
Event: 1.327 Thread 0x0000027b2aabf800 Implicit null exception at 0x0000027b0e757174 to 0x0000027b0e7571e9
Event: 1.410 Thread 0x0000027b2aac3800 Implicit null exception at 0x0000027b0e875f2c to 0x0000027b0e87605d
Event: 1.655 Thread 0x0000027b2aab1000 Exception <a 'sun/nio/fs/WindowsException'> (0x000000076c26b890) thrown at [J:\jenkins\tmp\workspace\build\src\hotspot\src\share\vm\prims\jni.cpp, line 711]
Event: 1.674 Thread 0x0000027b2aab1000 Exception <a 'sun/nio/fs/WindowsException'> (0x000000076c26c530) thrown at [J:\jenkins\tmp\workspace\build\src\hotspot\src\share\vm\prims\jni.cpp, line 711]

Events (10 events):
Event: 1.692 loading class sun/nio/fs/WindowsChannelFactory$2
Event: 1.692 loading class sun/nio/fs/WindowsChannelFactory$2 done
Event: 1.692 loading class com/sun/nio/file/ExtendedOpenOption
Event: 1.693 loading class com/sun/nio/file/ExtendedOpenOption done
Event: 1.695 loading class java/util/zip/ZipOutputStream
Event: 1.697 Executing VM operation: ParallelGCFailedAllocation
Event: 1.698 Executing VM operation: ParallelGCFailedAllocation done
Event: 1.698 Executing VM operation: ParallelGCFailedAllocation
Event: 1.698 Executing VM operation: ParallelGCFailedAllocation done
Event: 1.698 Executing VM operation: ParallelGCSystemGC


Dynamic libraries:
0x00007ff75cdb0000 - 0x00007ff75cdea000 	C:\Program Files\Eclipse Foundation\jdk-8.0.302.8-hotspot\bin\java.exe
0x00007fffd3df0000 - 0x00007fffd3fe5000 	C:\Windows\SYSTEM32\ntdll.dll
0x00007fffd1ee0000 - 0x00007fffd1f9e000 	C:\Windows\System32\KERNEL32.DLL
0x00007fffd1770000 - 0x00007fffd1a38000 	C:\Windows\System32\KERNELBASE.dll
0x00007fffd27d0000 - 0x00007fffd287e000 	C:\Windows\System32\ADVAPI32.dll
0x00007fffd32c0000 - 0x00007fffd335e000 	C:\Windows\System32\msvcrt.dll
0x00007fffd26b0000 - 0x00007fffd274c000 	C:\Windows\System32\sechost.dll
0x00007fffd28b0000 - 0x00007fffd29d5000 	C:\Windows\System32\RPCRT4.dll
0x00007fffd3c00000 - 0x00007fffd3da1000 	C:\Windows\System32\USER32.dll
0x00007fffd1500000 - 0x00007fffd1522000 	C:\Windows\System32\win32u.dll
0x00007fffd2880000 - 0x00007fffd28ab000 	C:\Windows\System32\GDI32.dll
0x00007fffd1b40000 - 0x00007fffd1c4d000 	C:\Windows\System32\gdi32full.dll
0x00007fffd1c80000 - 0x00007fffd1d1d000 	C:\Windows\System32\msvcp_win.dll
0x00007fffd1a40000 - 0x00007fffd1b40000 	C:\Windows\System32\ucrtbase.dll
0x00007fffc09b0000 - 0x00007fffc0c4a000 	C:\Windows\WinSxS\amd64_microsoft.windows.common-controls_6595b64144ccf1df_6.0.19041.1110_none_60b5254171f9507e\COMCTL32.dll
0x00007fffd2680000 - 0x00007fffd26b0000 	C:\Windows\System32\IMM32.DLL
0x00007fffb1b00000 - 0x00007fffb1ba4000 	C:\Program Files\McAfee\Endpoint Security\Threat Prevention\Ips\EpMPApi.dll
0x00007fffd1d20000 - 0x00007fffd1d80000 	C:\Windows\System32\WINTRUST.dll
0x00007fffd1610000 - 0x00007fffd1766000 	C:\Windows\System32\CRYPT32.dll
0x00007fffd0f90000 - 0x00007fffd0fa2000 	C:\Windows\SYSTEM32\MSASN1.dll
0x0000000058b20000 - 0x0000000058b2c000 	C:\Program Files\McAfee\Endpoint Security\Threat Prevention\Ips\EpMPThe.dll
0x00007fffb1470000 - 0x00007fffb14c9000 	C:\Program Files\McAfee\Endpoint Security\Threat Prevention\Ips\HIPHandlers64.dll
0x00007fffd1fa0000 - 0x00007fffd1ff5000 	C:\Windows\System32\SHLWAPI.dll
0x00007fffc9c60000 - 0x00007fffc9e44000 	C:\Windows\SYSTEM32\dbghelp.dll
0x00007fff9d030000 - 0x00007fff9d11f000 	C:\Program Files\Eclipse Foundation\jdk-8.0.302.8-hotspot\jre\bin\msvcr120.dll
0x00007fffbcd00000 - 0x00007fffbcda6000 	C:\Program Files\Eclipse Foundation\jdk-8.0.302.8-hotspot\jre\bin\msvcp120.dll
0x0000000056a80000 - 0x00000000572eb000 	C:\Program Files\Eclipse Foundation\jdk-8.0.302.8-hotspot\jre\bin\server\jvm.dll
0x00007fffd2b60000 - 0x00007fffd2b68000 	C:\Windows\System32\PSAPI.DLL
0x00007fffb0700000 - 0x00007fffb0727000 	C:\Windows\SYSTEM32\WINMM.dll
0x00007fffcca20000 - 0x00007fffcca2a000 	C:\Windows\SYSTEM32\VERSION.dll
0x00007fffcc500000 - 0x00007fffcc509000 	C:\Windows\SYSTEM32\WSOCK32.dll
0x00007fffd3b90000 - 0x00007fffd3bfb000 	C:\Windows\System32\WS2_32.dll
0x00007fffcd070000 - 0x00007fffcd07f000 	C:\Program Files\Eclipse Foundation\jdk-8.0.302.8-hotspot\jre\bin\verify.dll
0x00007fffbe160000 - 0x00007fffbe189000 	C:\Program Files\Eclipse Foundation\jdk-8.0.302.8-hotspot\jre\bin\java.dll
0x00007fffc68c0000 - 0x00007fffc68d6000 	C:\Program Files\Eclipse Foundation\jdk-8.0.302.8-hotspot\jre\bin\zip.dll
0x00007fffd2b70000 - 0x00007fffd32b4000 	C:\Windows\System32\SHELL32.dll
0x00007fffcf5d0000 - 0x00007fffcfd65000 	C:\Windows\SYSTEM32\windows.storage.dll
0x00007fffd35c0000 - 0x00007fffd3915000 	C:\Windows\System32\combase.dll
0x00007fffd0da0000 - 0x00007fffd0dce000 	C:\Windows\SYSTEM32\Wldp.dll
0x00007fffd1e30000 - 0x00007fffd1edd000 	C:\Windows\System32\SHCORE.dll
0x00007fffd13f0000 - 0x00007fffd140f000 	C:\Windows\SYSTEM32\profapi.dll
0x00007fffbe140000 - 0x00007fffbe15a000 	C:\Program Files\Eclipse Foundation\jdk-8.0.302.8-hotspot\jre\bin\net.dll
0x00007fffd0b80000 - 0x00007fffd0bea000 	C:\Windows\system32\mswsock.dll
0x00007fffbddf0000 - 0x00007fffbde02000 	C:\Program Files\Eclipse Foundation\jdk-8.0.302.8-hotspot\jre\bin\nio.dll

VM Arguments:
java_command: com.xamarin.androidx.jetifierWrapper.Main -intermediate obj\Debug\110\androidx\_AndroidXJetifyEmbeddedFiles.jetify -parallel
java_class_path (initial): C:\Program Files (x86)\Microsoft\Xamarin\NuGet\xamarin.androidx.migration\1.0.8\buildTransitive\monoandroid90\Tools/JetifierWrapper/jetifierWrapper-1.0.jar
Launcher Type: SUN_STANDARD

Environment Variables:
PATH=C:\Program Files\Eclipse Foundation\jdk-8.0.302.8-hotspot\bin;C:\Windows\system32;C:\Windows;C:\Windows\System32\Wbem;C:\Windows\System32\WindowsPowerShell\v1.0\;C:\Windows\System32\OpenSSH\;C:\Program Files\TortoiseSVN\bin;C:\Program Files\dotnet\;C:\Program Files\Microsoft SQL Server\130\Tools\Binn\;C:\Program Files\Microsoft SQL Server\Client SDK\ODBC\170\Tools\Binn\;C:\Users\vijaic\AppData\Local\Microsoft\WindowsApps;
USERNAME=vijaic
OS=Windows_NT
PROCESSOR_IDENTIFIER=Intel64 Family 6 Model 165 Stepping 5, GenuineIntel



---------------  S Y S T E M  ---------------

OS: Windows 10.0 , 64 bit Build 19041 (10.0.19041.1466)

CPU:total 16 (initial active 16) (8 cores per cpu, 2 threads per core) family 6 model 165 stepping 5, cmov, cx8, fxsr, mmx, sse, sse2, sse3, ssse3, sse4.1, sse4.2, popcnt, avx, avx2, aes, clmul, erms, 3dnowpref, lzcnt, ht, tsc, tscinvbit, bmi1, bmi2, adx

Memory: 4k page, physical 16671568k(1087368k free), swap 42491260k(5184k free)

vm_info: OpenJDK 64-Bit Server VM (25.302-b08) for windows-amd64 JRE (1.8.0_302-b08), built on Jul 20 2021 21:31:03 by "jenkins" with MS VC++ 12.0 (VS2013)

time: Wed Feb 02 15:21:17 2022
timezone: India Standard Time
elapsed time: 1.719269 seconds (0d 0h 0m 1s)

